<?xml version="1.0" encoding="UTF-8"?>
<testsuites name="vitest tests" tests="1" failures="0" errors="0" time="0.0358">
	<testsuite
		name="apps/frontend/src/app/app.spec.ts"
		timestamp="2025-09-23T12:39:03.590Z"
		hostname="macminis-Mini"
		tests="1"
		failures="0"
		errors="0"
		skipped="0"
		time="0.0358"
	>
		<testcase
			classname="apps/frontend/src/app/app.spec.ts"
			name="App &gt; should render title"
			time="0.0350999999"
		></testcase>
	</testsuite>
</testsuites>
